Temp/gradleOut/launcher/build/outputs/mapping/release/seeds.txt
com.google.unity.ads.UnityRewardedInterstitialAd: com.google.android.gms.ads.rewardedinterstitial.RewardedInterstitialAd rewardedInterstitialAd
com.google.android.gms.ads.mediation.UnifiedNativeAdMapper: android.view.View getAdChoicesContent()
com.google.android.gms.ads.nonagon.signalgeneration.zzan: java.lang.Object call()
com.google.android.gms.ads.internal.client.zzbj: void zzg(com.google.android.gms.ads.internal.client.zzl)
com.google.android.gms.ads.zzb: com.google.android.gms.ads.AdSize zzd(int,int)
com.google.android.gms.internal.ads.zzgfe: com.google.android.gms.internal.ads.zzgfe zzb
com.google.android.gms.internal.ads.zzgpa: com.google.android.gms.internal.ads.zzgor zzn
com.google.unity.ads.UnityRewardedAd$4
com.unity3d.player.R$string: int common_google_play_services_enable_text
com.google.unity.ads.Banner$3$2
com.unity3d.player.a$a: void run()
com.google.unity.ads.UnityRewardedAd$3: void run()
com.google.android.gms.ads.internal.client.zzca: com.google.android.gms.internal.ads.zzblk zzi(com.google.android.gms.dynamic.IObjectWrapper,com.google.android.gms.dynamic.IObjectWrapper,com.google.android.gms.dynamic.IObjectWrapper)
com.google.android.gms.ads.internal.util.zzbv: zzbv()
com.google.android.gms.ads.internal.client.zzbm: void zzn(com.google.android.gms.internal.ads.zzbqr)
androidx.core.R$id: int accessibility_custom_action_30
com.unity3d.player.c: void g()
com.unity3d.player.m: void b(boolean)
com.google.android.gms.ads.internal.util.zzs: boolean zzz(android.content.Context)
com.google.android.gms.ads.internal.client.zzcc: com.google.android.gms.ads.internal.client.zzbs zzc(com.google.android.gms.dynamic.IObjectWrapper,com.google.android.gms.ads.internal.client.zzq,java.lang.String,com.google.android.gms.internal.ads.zzbtz,int)
com.unity3d.player.UnityPlayer$e: boolean c
com.google.android.gms.ads.internal.client.zzdx: com.google.android.gms.ads.internal.client.zzee zza
com.google.android.gms.ads.internal.client.zzdk: void zzm(com.google.android.gms.ads.internal.client.zzdn)
com.google.android.gms.ads.rewardedinterstitial.RewardedInterstitialAd: android.os.Bundle getAdMetadata()
com.unity3d.player.c: void d()
com.google.unity.ads.UnityRewardedAd$1$1$2$3: UnityRewardedAd$1$1$2$3(com.google.unity.ads.UnityRewardedAd$1$1$2)
com.google.android.gms.ads.internal.zzt: com.google.android.gms.internal.ads.zzcjn zzy()
com.google.android.gms.internal.ads.zzalt: com.google.android.gms.internal.ads.zzalt zzb
com.google.android.gms.ads.ContextualSignals
androidx.core.R$id: int italic
com.google.android.gms.internal.ads.zzcga: void zzc(java.lang.Runnable,java.util.concurrent.Executor)
com.google.android.gms.common.internal.BaseGmsClient: com.google.android.gms.common.Feature[] getAvailableFeatures()
com.google.android.gms.ads.AdView: AdView(android.content.Context)
com.unity3d.player.R$bool: int enable_system_foreground_service_default
com.google.android.gms.ads.nonagon.signalgeneration.zzw
com.google.android.gms.ads.internal.zzj
com.google.unity.ads.R$drawable: R$drawable()
com.google.android.gms.ads.nativead.NativeCustomFormatAd: com.google.android.gms.ads.nativead.MediaView getVideoMediaView()
com.google.unity.ads.UnityAppStateEventNotifier: void onStart(androidx.lifecycle.LifecycleOwner)
com.unity3d.player.UnityPlayer$d: com.unity3d.player.UnityPlayer$d h
com.google.android.gms.ads.internal.util.zzbe
com.google.unity.ads.Interstitial$1$1$2: void onAdShowedFullScreenContent()
com.google.android.gms.ads.internal.client.zzbq: void zzQ(com.google.android.gms.internal.ads.zzbyg,java.lang.String)
com.unity3d.player.R$id: R$id()
com.google.unity.ads.Interstitial$1$1$2$2
com.google.android.gms.ads.mediation.Adapter: void loadRewardedAd(com.google.android.gms.ads.mediation.MediationRewardedAdConfiguration,com.google.android.gms.ads.mediation.MediationAdLoadCallback)