Temp/gradleOut/launcher/build/outputs/mapping/release/mapping.txt
# compiler: R8
# compiler_version: 2.0.88
# min_api: 22
# pg_map_id: 55b065c
# common_typos_disable
...
com.google.android.gms.internal.ads.zzbw -> com.google.android.gms.internal.ads.ic0:
com.google.android.gms.internal.ads.zzbwa -> com.google.android.gms.internal.ads.jc0:
    com.google.android.gms.internal.ads.zzbuf zzb -> b
    com.google.android.gms.internal.ads.zzbvm zza -> a
com.google.android.gms.internal.ads.zzbwb -> com.google.android.gms.internal.ads.kc0:
    com.google.android.gms.internal.ads.zzbvv zza -> a
com.google.android.gms.internal.ads.zzbwc -> com.google.android.gms.internal.ads.lc0:
    com.google.android.gms.internal.ads.zzbuf zzb -> b
    com.google.android.gms.internal.ads.zzbwd zzc -> c
    com.google.android.gms.internal.ads.zzbvp zza -> a
com.google.android.gms.internal.ads.zzbwd -> com.google.android.gms.internal.ads.mc0:
    com.google.android.gms.ads.mediation.MediationInterstitialAd zzb -> c
    com.google.android.gms.ads.mediation.MediationRewardedAd zzc -> d
    com.google.android.gms.ads.mediation.rtb.RtbAdapter zza -> b
    java.lang.String zzd -> e
    android.os.Bundle zzs(com.google.android.gms.ads.internal.client.zzl) -> A2
    void zzn(java.lang.String,java.lang.String,com.google.android.gms.ads.internal.client.zzl,com.google.android.gms.dynamic.IObjectWrapper,com.google.android.gms.internal.ads.zzbvp,com.google.android.gms.internal.ads.zzbuf) -> B0
    android.os.Bundle zzt(java.lang.String) -> B2
    boolean zzu(com.google.android.gms.ads.internal.client.zzl) -> C2
    java.lang.String zzv(java.lang.String,com.google.android.gms.ads.internal.client.zzl) -> D2
    boolean zzq(com.google.android.gms.dynamic.IObjectWrapper) -> G
    void zzj(java.lang.String,java.lang.String,com.google.android.gms.ads.internal.client.zzl,com.google.android.gms.dynamic.IObjectWrapper,com.google.android.gms.internal.ads.zzbvg,com.google.android.gms.internal.ads.zzbuf,com.google.android.gms.ads.internal.client.zzq) -> I1
    void zzo(java.lang.String,java.lang.String,com.google.android.gms.ads.internal.client.zzl,com.google.android.gms.dynamic.IObjectWrapper,com.google.android.gms.internal.ads.zzbvp,com.google.android.gms.internal.ads.zzbuf) -> O
com.google.android.gms.internal.ads.zzbwe -> com.google.android.gms.internal.ads.nc0:
    com.google.android.gms.internal.ads.zzbuf zza -> a
com.google.android.gms.internal.ads.zzbwf -> com.google.android.gms.internal.ads.oc0:
    int zzc -> d
    int zza -> b
    int zzb -> c
    com.google.android.gms.internal.ads.zzbwf zza(com.google.android.gms.ads.mediation.VersionInfo) -> c
com.google.android.gms.internal.ads.zzbwg -> com.google.android.gms.internal.ads.pc0:
com.google.android.gms.internal.ads.zzbwh -> com.google.android.gms.internal.ads.qc0:
    com.google.android.gms.internal.ads.zzbwj zza -> b
com.google.android.gms.internal.ads.zzbwi -> com.google.android.gms.internal.ads.rc0:
    com.google.android.gms.internal.ads.zzbwj zzb -> c
    com.google.android.gms.ads.internal.overlay.AdOverlayInfoParcel zza -> b
com.google.android.gms.internal.ads.zzbwj -> com.google.android.gms.internal.ads.zzbwj:
    com.google.android.gms.ads.mediation.MediationInterstitialListener zzb -> b
    android.app.Activity zza -> a
    android.net.Uri zzc -> c
    android.app.Activity zza(com.google.android.gms.internal.ads.zzbwj) -> a
    com.google.android.gms.ads.mediation.MediationInterstitialListener zzb(com.google.android.gms.internal.ads.zzbwj) -> b
com.google.android.gms.internal.ads.zzbwk -> com.google.android.gms.internal.ads.sc0:
    com.google.android.gms.internal.ads.zzbwm zza -> b
com.google.android.gms.internal.ads.zzbwl -> com.google.android.gms.internal.ads.tc0:
    com.google.android.gms.internal.ads.zzbwm zza -> b