Temp/gradleOut/launcher/build/outputs/mapping/release/usage.txt
com.QuadCenGame.PaintHit.R$dimen
com.QuadCenGame.PaintHit.R$style
com.QuadCenGame.PaintHit.R$mipmap
com.QuadCenGame.PaintHit.R$color
com.QuadCenGame.PaintHit.R$layout
com.QuadCenGame.PaintHit.R$drawable
com.QuadCenGame.PaintHit.R$integer
com.QuadCenGame.PaintHit.R$string
com.QuadCenGame.PaintHit.R$styleable
com.QuadCenGame.PaintHit.BuildConfig
com.QuadCenGame.PaintHit.R$id
com.QuadCenGame.PaintHit.R$attr
com.QuadCenGame.PaintHit.R
com.QuadCenGame.PaintHit.R$bool
...
androidx.core.view.GestureDetectorCompat$GestureDetectorCompatImplBase$GestureHandler
com.google.android.gms.common.zzs
com.google.android.gms.common.GooglePlayServicesManifestException:
    public int getActualVersion()
    public int getExpectedVersion()
androidx.core.view.WindowInsetsAnimationCompat$BoundsCompat
androidx.core.text.util.LinkifyCompat$LinkSpec
androidx.core.app.NotificationCompat$WearableExtender
androidx.annotation.BoolRes
androidx.core.content.res.ResourcesCompat$ThemeCompat$ImplApi23
androidx.lifecycle.AndroidViewModel
androidx.loader.app.LoaderManagerImpl$LoaderViewModel:
    void startCreatingLoader()
    boolean isCreatingLoader()
    void finishCreatingLoader()
    void putLoader(int,androidx.loader.app.LoaderManagerImpl$LoaderInfo)
    androidx.loader.app.LoaderManagerImpl$LoaderInfo getLoader(int)
    void removeLoader(int)
    boolean hasRunningLoaders()
com.google.android.gms.common.zzr
com.google.android.gms.internal.common.zzag
androidx.core.app.FrameMetricsAggregator$FrameMetricsBaseImpl
com.google.android.gms.common.zza
com.google.android.gms.common.internal.service.zak
com.google.android.gms.internal.ads.zzgeo:
    static void <clinit>()
    static final synthetic int[] zza
androidx.core.net.UriCompat
androidx.core.util.Pools
androidx.annotation.MenuRes
com.google.android.gms.internal.ads.zzami:
    private void <init>()
androidx.room.PrimaryKey
com.google.android.gms.internal.ads.zzakt:
    static void <clinit>()
    static final synthetic int[] zza
androidx.work.impl.Schedulers:
    private void <init>()
    public static final java.lang.String GCM_SCHEDULER
com.google.android.gms.auth.api.signin.GoogleSignInAccount:
    public static com.google.android.gms.auth.api.signin.GoogleSignInAccount createDefault()
    public static com.google.android.gms.auth.api.signin.GoogleSignInAccount fromAccount(android.accounts.Account)
    private static com.google.android.gms.auth.api.signin.GoogleSignInAccount zae(android.accounts.Account,java.util.Set)
    public varargs com.google.android.gms.auth.api.signin.GoogleSignInAccount requestExtraScopes(com.google.android.gms.common.api.Scope[])
    public java.util.Set getGrantedScopes()
    public boolean isExpired()
    public final java.lang.String zac()
    public final java.lang.String zad()
com.google.android.gms.common.internal.ResourceUtils
com.google.android.gms.common.images.ImageManager$OnImageLoadedListener
androidx.core.graphics.drawable.RoundedBitmapDrawableFactory$DefaultRoundedBitmapDrawable
com.google.android.gms.internal.ads.zzakc:
    public void <init>()
androidx.room.Fts3
androidx.core.app.JobIntentService$CommandProcessor
com.google.android.gms.internal.ads.zzggu:
    static void <clinit>()
    static final synthetic int[] zza
com.google.android.ump.ConsentForm
androidx.legacy.coreui.R$integer
androidx.core.view.inputmethod.InputContentInfoCompat$InputContentInfoCompatImpl
androidx.annotation.AnimatorRes
androidx.versionedparcelable.ParcelField
com.google.android.gms.internal.ads.zzalf:
    private void <init>()
androidx.core.provider.FontsContractCompat$FontRequestCallback
com.google.android.gms.internal.ads.zzggd:
    static void <clinit>()
    static final synthetic int[] zza
com.google.android.gms.internal.ads.zzbzi:
    public void <init>()
androidx.slidingpanelayout.R$id
androidx.core.view.MenuItemCompat$OnActionExpandListener
androidx.loader.app.LoaderManagerImpl$LoaderObserver:
    void <init>(androidx.loader.content.Loader,androidx.loader.app.LoaderManager$LoaderCallbacks)
    public void onChanged(java.lang.Object)
    public java.lang.String toString()
    private final androidx.loader.content.Loader mLoader
    private final androidx.loader.app.LoaderManager$LoaderCallbacks mCallback
    private boolean mDeliveredData
androidx.coordinatorlayout.R$color
androidx.core.view.WindowInsetsControllerCompat$Impl30